E, [2016-06-15T11:42:42.139348 #4157] ERROR -- Kitchen: ------Exception-------
E, [2016-06-15T11:42:42.139418 #4157] ERROR -- Kitchen: Class: Kitchen::UserError
E, [2016-06-15T11:42:42.139437 #4157] ERROR -- Kitchen: Message: Kitchen YAML file /home/lando/Documents/Chef/Kitchen/.kitchen/.kitchen.yml does not exist.
E, [2016-06-15T11:42:42.139451 #4157] ERROR -- Kitchen: ------Backtrace-------
E, [2016-06-15T11:42:42.139463 #4157] ERROR -- Kitchen: /opt/chefdk/embedded/lib/ruby/gems/2.1.0/gems/test-kitchen-1.8.0/lib/kitchen/loader/yaml.rb:74:in `read'
E, [2016-06-15T11:42:42.139476 #4157] ERROR -- Kitchen: /opt/chefdk/embedded/lib/ruby/gems/2.1.0/gems/test-kitchen-1.8.0/lib/kitchen/config.rb:149:in `data'
E, [2016-06-15T11:42:42.139488 #4157] ERROR -- Kitchen: /opt/chefdk/embedded/lib/ruby/gems/2.1.0/gems/test-kitchen-1.8.0/lib/kitchen/config.rb:128:in `suites'
E, [2016-06-15T11:42:42.139499 #4157] ERROR -- Kitchen: /opt/chefdk/embedded/lib/ruby/gems/2.1.0/gems/test-kitchen-1.8.0/lib/kitchen/config.rb:179:in `filter_instances'
E, [2016-06-15T11:42:42.139510 #4157] ERROR -- Kitchen: /opt/chefdk/embedded/lib/ruby/gems/2.1.0/gems/test-kitchen-1.8.0/lib/kitchen/config.rb:138:in `build_instances'
E, [2016-06-15T11:42:42.139522 #4157] ERROR -- Kitchen: /opt/chefdk/embedded/lib/ruby/gems/2.1.0/gems/test-kitchen-1.8.0/lib/kitchen/config.rb:114:in `instances'
E, [2016-06-15T11:42:42.139533 #4157] ERROR -- Kitchen: /opt/chefdk/embedded/lib/ruby/gems/2.1.0/gems/test-kitchen-1.8.0/lib/kitchen/command.rb:115:in `filtered_instances'
E, [2016-06-15T11:42:42.139544 #4157] ERROR -- Kitchen: /opt/chefdk/embedded/lib/ruby/gems/2.1.0/gems/test-kitchen-1.8.0/lib/kitchen/command.rb:145:in `parse_subcommand'
E, [2016-06-15T11:42:42.139555 #4157] ERROR -- Kitchen: /opt/chefdk/embedded/lib/ruby/gems/2.1.0/gems/test-kitchen-1.8.0/lib/kitchen/command/login.rb:32:in `call'
E, [2016-06-15T11:42:42.139566 #4157] ERROR -- Kitchen: /opt/chefdk/embedded/lib/ruby/gems/2.1.0/gems/test-kitchen-1.8.0/lib/kitchen/cli.rb:56:in `perform'
E, [2016-06-15T11:42:42.139577 #4157] ERROR -- Kitchen: /opt/chefdk/embedded/lib/ruby/gems/2.1.0/gems/test-kitchen-1.8.0/lib/kitchen/cli.rb:234:in `login'
E, [2016-06-15T11:42:42.139588 #4157] ERROR -- Kitchen: /opt/chefdk/embedded/lib/ruby/gems/2.1.0/gems/thor-0.19.1/lib/thor/command.rb:27:in `run'
E, [2016-06-15T11:42:42.139599 #4157] ERROR -- Kitchen: /opt/chefdk/embedded/lib/ruby/gems/2.1.0/gems/thor-0.19.1/lib/thor/invocation.rb:126:in `invoke_command'
E, [2016-06-15T11:42:42.139623 #4157] ERROR -- Kitchen: /opt/chefdk/embedded/lib/ruby/gems/2.1.0/gems/test-kitchen-1.8.0/lib/kitchen/cli.rb:321:in `invoke_task'
E, [2016-06-15T11:42:42.139634 #4157] ERROR -- Kitchen: /opt/chefdk/embedded/lib/ruby/gems/2.1.0/gems/thor-0.19.1/lib/thor.rb:359:in `dispatch'
E, [2016-06-15T11:42:42.139645 #4157] ERROR -- Kitchen: /opt/chefdk/embedded/lib/ruby/gems/2.1.0/gems/thor-0.19.1/lib/thor/base.rb:440:in `start'
E, [2016-06-15T11:42:42.139656 #4157] ERROR -- Kitchen: /opt/chefdk/embedded/lib/ruby/gems/2.1.0/gems/test-kitchen-1.8.0/bin/kitchen:13:in `block in <top (required)>'
E, [2016-06-15T11:42:42.139667 #4157] ERROR -- Kitchen: /opt/chefdk/embedded/lib/ruby/gems/2.1.0/gems/test-kitchen-1.8.0/lib/kitchen/errors.rb:154:in `with_friendly_errors'
E, [2016-06-15T11:42:42.139678 #4157] ERROR -- Kitchen: /opt/chefdk/embedded/lib/ruby/gems/2.1.0/gems/test-kitchen-1.8.0/bin/kitchen:13:in `<top (required)>'
E, [2016-06-15T11:42:42.139688 #4157] ERROR -- Kitchen: /opt/chefdk/bin/kitchen:17:in `load'
E, [2016-06-15T11:42:42.139698 #4157] ERROR -- Kitchen: /opt/chefdk/bin/kitchen:17:in `<main>'
E, [2016-06-15T11:42:42.139708 #4157] ERROR -- Kitchen: ----------------------
